<?xml version="1.0" encoding="UTF-8"?>
<testsuite name="runner.TravelocityRunner" tests="0" skipped="0" failures="0" errors="0" timestamp="1970-01-01T00:00:00" hostname="CPX-R4SZBWGIAJC" time="0.0">
  <properties/>
  <system-out><![CDATA[
11 Scenarios (?[33m11 undefined?[0m)
33 Steps (?[33m33 undefined?[0m)
0m0.868s


You can implement missing steps with the snippets below:

@Given("^that user enter to page$")
public void thatUserEnterToPage() {
    // Write code here that turns the phrase above into concrete actions
    throw new PendingException();
}


@When("^He enter data for register new user$")
public void heEnterDataForRegisterNewUser() {
    // Write code here that turns the phrase above into concrete actions
    throw new PendingException();
}

@Then("^He User to be registered$")
public void heUserToBeRegistered() {
    // Write code here that turns the phrase above into concrete actions
    throw new PendingException();
}

@When("^He enter data for reserve to fly$")
public void heEnterDataForReserveToFly() {
    // Write code here that turns the phrase above into concrete actions
    throw new PendingException();
}

@Then("^He User can see the reserve$")
public void heUserCanSeeTheReserve() {
    // Write code here that turns the phrase above into concrete actions
    throw new PendingException();
}

@When("^He enter data for reserve to fly and hotel$")
public void heEnterDataForReserveToFlyAndHotel() {
    // Write code here that turns the phrase above into concrete actions
    throw new PendingException();
}

@When("^He enter data for search a cruises$")
public void heEnterDataForSearchACruises() {
    // Write code here that turns the phrase above into concrete actions
    throw new PendingException();
}

@Then("^He User can see the list a cruises$")
public void heUserCanSeeTheListACruises() {
    // Write code here that turns the phrase above into concrete actions
    throw new PendingException();
}

@When("^He enter data for reserve a cruises$")
public void heEnterDataForReserveACruises() {
    // Write code here that turns the phrase above into concrete actions
    throw new PendingException();
}

@Then("^He User can see the reserve a cruises$")
public void heUserCanSeeTheReserveACruises() {
    // Write code here that turns the phrase above into concrete actions
    throw new PendingException();
}

@When("^He enter data for search Search Vacation Rentals$")
public void heEnterDataForSearchSearchVacationRentals() {
    // Write code here that turns the phrase above into concrete actions
    throw new PendingException();
}

@Then("^He User can see the reserve a Search Vacation Rentals$")
public void heUserCanSeeTheReserveASearchVacationRentals() {
    // Write code here that turns the phrase above into concrete actions
    throw new PendingException();
}

@When("^He enter data for property is add a travelocity$")
public void heEnterDataForPropertyIsAddATravelocity() {
    // Write code here that turns the phrase above into concrete actions
    throw new PendingException();
}

@Then("^He User can see the property was add a travelocity$")
public void heUserCanSeeThePropertyWasAddATravelocity() {
    // Write code here that turns the phrase above into concrete actions
    throw new PendingException();
}

@When("^He enter data for packages$")
public void heEnterDataForPackages() {
    // Write code here that turns the phrase above into concrete actions
    throw new PendingException();
}

@Then("^He User can see the list of the options$")
public void heUserCanSeeTheListOfTheOptions() {
    // Write code here that turns the phrase above into concrete actions
    throw new PendingException();
}

@When("^He enter data for packages for reserve$")
public void heEnterDataForPackagesForReserve() {
    // Write code here that turns the phrase above into concrete actions
    throw new PendingException();
}

@Then("^He User can see reserve successful$")
public void heUserCanSeeReserveSuccessful() {
    // Write code here that turns the phrase above into concrete actions
    throw new PendingException();
}

@When("^He enter data for list of trips for me$")
public void heEnterDataForListOfTripsForMe() {
    // Write code here that turns the phrase above into concrete actions
    throw new PendingException();
}

@Then("^He User can see list of trips$")
public void heUserCanSeeListOfTrips() {
    // Write code here that turns the phrase above into concrete actions
    throw new PendingException();
}

@When("^He enter data for list of travel deals$")
public void heEnterDataForListOfTravelDeals() {
    // Write code here that turns the phrase above into concrete actions
    throw new PendingException();
}

@Then("^He User can see list of deals$")
public void heUserCanSeeListOfDeals() {
    // Write code here that turns the phrase above into concrete actions
    throw new PendingException();
}

]]></system-out>
  <system-err><![CDATA[[Test worker] INFO net.thucydides.core.steps.ConsoleLoggingListener - 

-------------------------------------------------------------------------------------
     _______. _______ .______       _______ .__   __.  __  .___________.____    ____ 
    /       ||   ____||   _  \     |   ____||  \ |  | |  | |           |\   \  /   / 
   |   (----`|  |__   |  |_)  |    |  |__   |   \|  | |  | `---|  |----` \   \/   /  
    \   \    |   __|  |      /     |   __|  |  . `  | |  |     |  |       \_    _/   
.----)   |   |  |____ |  |\  \----.|  |____ |  |\   | |  |     |  |         |  |     
|_______/    |_______|| _| `._____||_______||__| \__| |__|     |__|         |__|    
                                                                                     
 News and tutorials at http://www.serenity-bdd.info                                  
 Documentation at https://wakaleo.gitbooks.io/the-serenity-book/content/             
 Join the Serenity Community on Rocket Chat at https://serenity-bdd.rocket.chat      
 Serenity BDD Support and Training at http://serenity-bdd.info/#/trainingandsupport  
 Learn Serenity BDD online at http://serenity-dojo.com                               
-------------------------------------------------------------------------------------

[Test worker] INFO net.thucydides.core.steps.ConsoleLoggingListener - Test Suite Started: enter page travelocity
[Test worker] INFO net.thucydides.core.steps.ConsoleLoggingListener - 
 _____ _____ ____ _____   ____ _____  _    ____ _____ _____ ____  
|_   _| ____/ ___|_   _| / ___|_   _|/ \  |  _ \_   _| ____|  _ \ 
  | | |  _| \___ \ | |   \___ \ | | / _ \ | |_) || | |  _| | | | |
  | | | |___ ___) || |    ___) || |/ ___ \|  _ < | | | |___| |_| |
  |_| |_____|____/ |_|   |____/ |_/_/   \_\_| \_\|_| |_____|____/ 
                                                                  

TEST STARTED: Register new user
-------------------------------------------------------------------(enter-page-travelocity;register-new-user)
[Test worker] INFO net.thucydides.core.steps.ConsoleLoggingListener - 
 _____ _____ ____ _____   ____ _____  _    ____ _____ _____ ____  
|_   _| ____/ ___|_   _| / ___|_   _|/ \  |  _ \_   _| ____|  _ \ 
  | | |  _| \___ \ | |   \___ \ | | / _ \ | |_) || | |  _| | | | |
  | | | |___ ___) || |    ___) || |/ ___ \|  _ < | | | |___| |_| |
  |_| |_____|____/ |_|   |____/ |_/_/   \_\_| \_\|_| |_____|____/ 
                                                                  

TEST STARTED: make reserve to fly
-------------------------------------------------------------------(enter-page-travelocity;make-reserve-to-fly)
[Test worker] INFO net.thucydides.core.steps.ConsoleLoggingListener - 
 _____ _____ ____ _____   ____ _____  _    ____ _____ _____ ____  
|_   _| ____/ ___|_   _| / ___|_   _|/ \  |  _ \_   _| ____|  _ \ 
  | | |  _| \___ \ | |   \___ \ | | / _ \ | |_) || | |  _| | | | |
  | | | |___ ___) || |    ___) || |/ ___ \|  _ < | | | |___| |_| |
  |_| |_____|____/ |_|   |____/ |_/_/   \_\_| \_\|_| |_____|____/ 
                                                                  

TEST STARTED: make reserve to fly and hotel
-------------------------------------------------------------------(enter-page-travelocity;make-reserve-to-fly-and-hotel)
[Test worker] INFO net.thucydides.core.steps.ConsoleLoggingListener - 
 _____ _____ ____ _____   ____ _____  _    ____ _____ _____ ____  
|_   _| ____/ ___|_   _| / ___|_   _|/ \  |  _ \_   _| ____|  _ \ 
  | | |  _| \___ \ | |   \___ \ | | / _ \ | |_) || | |  _| | | | |
  | | | |___ ___) || |    ___) || |/ ___ \|  _ < | | | |___| |_| |
  |_| |_____|____/ |_|   |____/ |_/_/   \_\_| \_\|_| |_____|____/ 
                                                                  

TEST STARTED: search cruises
-------------------------------------------------------------------(enter-page-travelocity;search-cruises)
[Test worker] INFO net.thucydides.core.steps.ConsoleLoggingListener - 
 _____ _____ ____ _____   ____ _____  _    ____ _____ _____ ____  
|_   _| ____/ ___|_   _| / ___|_   _|/ \  |  _ \_   _| ____|  _ \ 
  | | |  _| \___ \ | |   \___ \ | | / _ \ | |_) || | |  _| | | | |
  | | | |___ ___) || |    ___) || |/ ___ \|  _ < | | | |___| |_| |
  |_| |_____|____/ |_|   |____/ |_/_/   \_\_| \_\|_| |_____|____/ 
                                                                  

TEST STARTED: reserve cruises
-------------------------------------------------------------------(enter-page-travelocity;reserve-cruises)
[Test worker] INFO net.thucydides.core.steps.ConsoleLoggingListener - 
 _____ _____ ____ _____   ____ _____  _    ____ _____ _____ ____  
|_   _| ____/ ___|_   _| / ___|_   _|/ \  |  _ \_   _| ____|  _ \ 
  | | |  _| \___ \ | |   \___ \ | | / _ \ | |_) || | |  _| | | | |
  | | | |___ ___) || |    ___) || |/ ___ \|  _ < | | | |___| |_| |
  |_| |_____|____/ |_|   |____/ |_/_/   \_\_| \_\|_| |_____|____/ 
                                                                  

TEST STARTED: Search Vacation Rentals
-------------------------------------------------------------------(enter-page-travelocity;search-vacation-rentals)
[Test worker] INFO net.thucydides.core.steps.ConsoleLoggingListener - 
 _____ _____ ____ _____   ____ _____  _    ____ _____ _____ ____  
|_   _| ____/ ___|_   _| / ___|_   _|/ \  |  _ \_   _| ____|  _ \ 
  | | |  _| \___ \ | |   \___ \ | | / _ \ | |_) || | |  _| | | | |
  | | | |___ ___) || |    ___) || |/ ___ \|  _ < | | | |___| |_| |
  |_| |_____|____/ |_|   |____/ |_/_/   \_\_| \_\|_| |_____|____/ 
                                                                  

TEST STARTED: add property a travelocity
-------------------------------------------------------------------(enter-page-travelocity;add-property-a-travelocity)
[Test worker] INFO net.thucydides.core.steps.ConsoleLoggingListener - 
 _____ _____ ____ _____   ____ _____  _    ____ _____ _____ ____  
|_   _| ____/ ___|_   _| / ___|_   _|/ \  |  _ \_   _| ____|  _ \ 
  | | |  _| \___ \ | |   \___ \ | | / _ \ | |_) || | |  _| | | | |
  | | | |___ ___) || |    ___) || |/ ___ \|  _ < | | | |___| |_| |
  |_| |_____|____/ |_|   |____/ |_/_/   \_\_| \_\|_| |_____|____/ 
                                                                  

TEST STARTED: Search a packages with hotel,card and flight
-------------------------------------------------------------------(enter-page-travelocity;search-a-packages-with-hotel-card-and-flight)
[Test worker] INFO net.thucydides.core.steps.ConsoleLoggingListener - 
 _____ _____ ____ _____   ____ _____  _    ____ _____ _____ ____  
|_   _| ____/ ___|_   _| / ___|_   _|/ \  |  _ \_   _| ____|  _ \ 
  | | |  _| \___ \ | |   \___ \ | | / _ \ | |_) || | |  _| | | | |
  | | | |___ ___) || |    ___) || |/ ___ \|  _ < | | | |___| |_| |
  |_| |_____|____/ |_|   |____/ |_/_/   \_\_| \_\|_| |_____|____/ 
                                                                  

TEST STARTED: make a reserve for packages with hotel,card and flight
-------------------------------------------------------------------(enter-page-travelocity;make-a-reserve-for-packages-with-hotel-card-and-flight)
[Test worker] INFO net.thucydides.core.steps.ConsoleLoggingListener - 
 _____ _____ ____ _____   ____ _____  _    ____ _____ _____ ____  
|_   _| ____/ ___|_   _| / ___|_   _|/ \  |  _ \_   _| ____|  _ \ 
  | | |  _| \___ \ | |   \___ \ | | / _ \ | |_) || | |  _| | | | |
  | | | |___ ___) || |    ___) || |/ ___ \|  _ < | | | |___| |_| |
  |_| |_____|____/ |_|   |____/ |_/_/   \_\_| \_\|_| |_____|____/ 
                                                                  

TEST STARTED: Search list of trips for me
-------------------------------------------------------------------(enter-page-travelocity;search-list-of-trips-for-me)
[Test worker] INFO net.thucydides.core.steps.ConsoleLoggingListener - 
 _____ _____ ____ _____   ____ _____  _    ____ _____ _____ ____  
|_   _| ____/ ___|_   _| / ___|_   _|/ \  |  _ \_   _| ____|  _ \ 
  | | |  _| \___ \ | |   \___ \ | | / _ \ | |_) || | |  _| | | | |
  | | | |___ ___) || |    ___) || |/ ___ \|  _ < | | | |___| |_| |
  |_| |_____|____/ |_|   |____/ |_/_/   \_\_| \_\|_| |_____|____/ 
                                                                  

TEST STARTED: Search list of travel deals
-------------------------------------------------------------------(enter-page-travelocity;search-list-of-travel-deals)
]]></system-err>
</testsuite>
